<?xml version="1.0" encoding="UTF-8"?>
<!-- Generated by org.testng.reporters.JUnitReportReporter -->
<testsuite skipped="0" hostname="LAPTOP-G3SL86T0" name="com.syntax.class02.Dependency" tests="1" failures="0" timestamp="2020-09-05T09:13:53 PDT" time="5.164" errors="0">
  <testcase name="invalidLogin" time="5.164" classname="com.syntax.class02.Dependency"/>
  <system-out/>
</testsuite> <!-- com.syntax.class02.Dependency -->
