<?xml version="1.0" encoding="UTF-8"?>
<!-- Generated by org.testng.reporters.JUnitReportReporter -->
<testsuite skipped="0" hostname="LAPTOP-G3SL86T0" name="com.syntax.class03.GroupsExample" tests="1" failures="0" timestamp="2020-09-05T13:58:17 PDT" time="5.910" errors="0">
  <testcase name="invalidLogin" time="5.910" classname="com.syntax.class03.GroupsExample"/>
  <system-out/>
</testsuite> <!-- com.syntax.class03.GroupsExample -->
