<?xml version="1.0" encoding="UTF-8"?>
<!-- Generated by org.testng.reporters.JUnitReportReporter -->
<testsuite skipped="0" hostname="LAPTOP-G3SL86T0" name="com.syntax.class01.TestNGIntro" tests="3" failures="0" timestamp="2020-08-29T08:10:23 PDT" time="0.013" errors="0">
  <testcase name="testOne" time="0.011" classname="com.syntax.class01.TestNGIntro"/>
  <system-out/>
  <testcase name="testTwo" time="0.001" classname="com.syntax.class01.TestNGIntro"/>
  <system-out/>
  <testcase name="testThree" time="0.001" classname="com.syntax.class01.TestNGIntro"/>
  <system-out/>
</testsuite> <!-- com.syntax.class01.TestNGIntro -->
