<?xml version="1.0" encoding="UTF-8"?>
<!-- Generated by org.testng.reporters.JUnitReportReporter -->
<testsuite skipped="0" hostname="LAPTOP-G3SL86T0" name="com.syntax.class01.Task2" tests="2" failures="0" timestamp="2020-08-29T09:55:43 PDT" time="0.013" errors="0">
  <testcase name="student1" time="0.008" classname="com.syntax.class01.Task2"/>
  <system-out/>
  <testcase name="student2" time="0.005" classname="com.syntax.class01.Task2"/>
  <system-out/>
</testsuite> <!-- com.syntax.class01.Task2 -->
