<?xml version="1.0" encoding="UTF-8"?>
<!-- Generated by org.testng.reporters.JUnitReportReporter -->
<testsuite skipped="0" hostname="LAPTOP-G3SL86T0" name="com.syntax.class02.IssueWithoutAssertion" tests="1" failures="0" timestamp="2020-09-05T09:13:53 PDT" time="7.199" errors="0">
  <testcase name="titleValidation" time="7.199" classname="com.syntax.class02.IssueWithoutAssertion"/>
  <system-out/>
</testsuite> <!-- com.syntax.class02.IssueWithoutAssertion -->
