<?xml version="1.0" encoding="UTF-8"?>
<!-- Generated by org.testng.reporters.JUnitReportReporter -->
<testsuite skipped="0" hostname="LAPTOP-G3SL86T0" name="com.syntax.class03.HW" tests="5" failures="0" timestamp="2020-09-05T07:50:24 PDT" time="111.884" errors="0">
  <testcase name="addEmployee" time="21.773" classname="com.syntax.class03.HW"/>
  <system-out/>
  <testcase name="addEmployee" time="23.291" classname="com.syntax.class03.HW"/>
  <system-out/>
  <testcase name="addEmployee" time="21.574" classname="com.syntax.class03.HW"/>
  <system-out/>
  <testcase name="addEmployee" time="23.198" classname="com.syntax.class03.HW"/>
  <system-out/>
  <testcase name="addEmployee" time="22.048" classname="com.syntax.class03.HW"/>
  <system-out/>
</testsuite> <!-- com.syntax.class03.HW -->
