<?xml version="1.0" encoding="UTF-8"?>
<!-- Generated by org.testng.reporters.JUnitReportReporter -->
<testsuite skipped="0" hostname="LAPTOP-G3SL86T0" name="com.syntax.class01.HrmsTestCases" tests="2" failures="0" timestamp="2020-09-07T13:58:55 PDT" time="22.726" errors="0">
  <testcase name="validLogin" time="13.669" classname="com.syntax.class01.HrmsTestCases"/>
  <system-out/>
  <testcase name="titleValidation" time="9.057" classname="com.syntax.class01.HrmsTestCases"/>
  <system-out/>
</testsuite> <!-- com.syntax.class01.HrmsTestCases -->
