<?xml version="1.0" encoding="UTF-8"?>
<!-- Generated by org.testng.reporters.JUnitReportReporter -->
<testsuite skipped="0" hostname="LAPTOP-G3SL86T0" name="com.syntax.class01.TestNGIntro" tests="4" failures="0" timestamp="2020-09-07T13:57:35 PDT" time="0.020" errors="0">
  <testcase name="testFour" time="0.013" classname="com.syntax.class01.TestNGIntro"/>
  <system-out/>
  <testcase name="testThree" time="0.002" classname="com.syntax.class01.TestNGIntro"/>
  <system-out/>
  <testcase name="testOne" time="0.003" classname="com.syntax.class01.TestNGIntro"/>
  <system-out/>
  <testcase name="testTwo" time="0.002" classname="com.syntax.class01.TestNGIntro"/>
  <system-out/>
</testsuite> <!-- com.syntax.class01.TestNGIntro -->
