<?xml version="1.0" encoding="UTF-8"?>
<!-- Generated by org.testng.reporters.JUnitReportReporter -->
<testsuite skipped="0" hostname="LAPTOP-G3SL86T0" name="com.syntax.class01.Task3" tests="2" failures="0" timestamp="2020-08-29T11:50:53 PDT" time="19.619" errors="0">
  <testcase name="message" time="8.420" classname="com.syntax.class01.Task3"/>
  <system-out/>
  <testcase name="logoIsDisplayed" time="11.199" classname="com.syntax.class01.Task3"/>
  <system-out/>
</testsuite> <!-- com.syntax.class01.Task3 -->
