<?xml version="1.0" encoding="UTF-8"?>
<!-- Generated by org.testng.reporters.JUnitReportReporter -->
<testsuite skipped="0" hostname="LAPTOP-G3SL86T0" name="com.syntax.class01.TaskTestNG" tests="3" failures="0" timestamp="2020-08-29T09:07:02 PDT" time="0.019" errors="0">
  <testcase name="student" time="0.013" classname="com.syntax.class01.TaskTestNG"/>
  <system-out/>
  <testcase name="teacher" time="0.002" classname="com.syntax.class01.TaskTestNG"/>
  <system-out/>
  <testcase name="support" time="0.004" classname="com.syntax.class01.TaskTestNG"/>
  <system-out/>
</testsuite> <!-- com.syntax.class01.TaskTestNG -->
