<?xml version="1.0" encoding="UTF-8"?>
<!-- Generated by org.testng.reporters.JUnitReportReporter -->
<testsuite skipped="0" hostname="LAPTOP-G3SL86T0" name="com.syntax.class01.DifferentAnnotations" tests="3" failures="0" timestamp="2020-09-07T13:59:45 PDT" time="0.012" errors="0">
  <testcase name="testMethod3" time="0.003" classname="com.syntax.class01.DifferentAnnotations"/>
  <system-out/>
  <testcase name="testMethod" time="0.007" classname="com.syntax.class01.DifferentAnnotations"/>
  <system-out/>
  <testcase name="testMethod2" time="0.002" classname="com.syntax.class01.DifferentAnnotations"/>
  <system-out/>
</testsuite> <!-- com.syntax.class01.DifferentAnnotations -->
